<?xml version="1.0" encoding="UTF-8"?>
<!-- Generated by org.testng.reporters.JUnitReportReporter -->
<testsuite hostname="LAPTOP-E118AK4C" failures="0" tests="4" name="api.test.UserTests2" time="9.798" errors="0" timestamp="2024-03-29T09:24:01 IST" skipped="0">
  <testcase classname="api.test.UserTests2" name="testPostUser" time="3.921"/>
  <system-out/>
  <testcase classname="api.test.UserTests2" name="testGetUser" time="1.467"/>
  <system-out/>
  <testcase classname="api.test.UserTests2" name="testUpdateUser" time="3.089"/>
  <system-out/>
  <testcase classname="api.test.UserTests2" name="testDeleteUser" time="1.321"/>
  <system-out/>
</testsuite> <!-- api.test.UserTests2 -->
