<?xml version="1.0" encoding="UTF-8"?>
<!-- Generated by org.testng.reporters.JUnitReportReporter -->
<testsuite hostname="LAPTOP-E118AK4C" failures="0" tests="4" name="api.test.UserTests" time="10.857" errors="0" timestamp="2024-03-28T10:18:35 IST" skipped="0">
  <testcase classname="api.test.UserTests" name="testPostUser" time="4.658"/>
  <system-out/>
  <testcase classname="api.test.UserTests" name="testGetUser" time="1.710"/>
  <system-out/>
  <testcase classname="api.test.UserTests" name="testUpdateUser" time="3.103"/>
  <system-out/>
  <testcase classname="api.test.UserTests" name="testDeleteUser" time="1.386"/>
  <system-out/>
</testsuite> <!-- api.test.UserTests -->
