<?xml version="1.0" encoding="UTF-8"?>
<!-- Generated by org.testng.reporters.JUnitReportReporter -->
<testsuite hostname="LAPTOP-E118AK4C" failures="0" tests="4" name="api.test2.UserTests" time="9.601" errors="0" timestamp="2024-03-29T09:26:57 IST" skipped="0">
  <testcase classname="api.test2.UserTests" name="testPostUser" time="3.740"/>
  <system-out/>
  <testcase classname="api.test2.UserTests" name="testGetUser" time="1.426"/>
  <system-out/>
  <testcase classname="api.test2.UserTests" name="testUpdateUser" time="2.962"/>
  <system-out/>
  <testcase classname="api.test2.UserTests" name="testDeleteUser" time="1.473"/>
  <system-out/>
</testsuite> <!-- api.test2.UserTests -->
